<?xml version="1.0" encoding="UTF-8"?>
<!-- Generated by org.testng.reporters.JUnitXMLReporter -->
<testsuite ignored="0" hostname="Pranay" failures="0" tests="2" name="Test" time="0.085" errors="0" timestamp="2022-12-10T13:46:58 IST">
  <testcase classname="testNG.VerifyDateAndCountry" name="@BeforeTest launchBrowser" time="-1.670660218486E9">
    <failure type="org.testng.TestNGException" message="
Parameter &amp;apos;browser&amp;apos; is required by BeforeTest on method launchBrowser but has not been marked @Optional or defined
in C:\Users\Pranay\eclipse-workspace\Maven_SDET_Test\testng.xml">
      <![CDATA[org.testng.TestNGException: 
Parameter 'browser' is required by BeforeTest on method launchBrowser but has not been marked @Optional or defined
in C:\Users\Pranay\eclipse-workspace\Maven_SDET_Test\testng.xml
... Removed 21 stack frames]]>
    </failure>
  </testcase> <!-- @BeforeTest launchBrowser -->
  <testcase classname="testNG.VerifyDateAndCountry" name="@BeforeClass createObject" time="-1.670660218525E9">
    <skipped/>
  </testcase> <!-- @BeforeClass createObject -->
  <testcase classname="testNG.VerifyDateAndCountry" name="@BeforeMethod openUrl" time="-1.670660218541E9">
    <skipped/>
  </testcase> <!-- @BeforeMethod openUrl -->
  <testcase classname="testNG.VerifyDateAndCountry" name="@AfterMethod logOutFromApplication" time="-1.670660218551E9">
    <skipped/>
  </testcase> <!-- @AfterMethod logOutFromApplication -->
  <testcase classname="testNG.VerifyDateAndCountry" name="@BeforeMethod openUrl" time="-1.670660218555E9">
    <skipped/>
  </testcase> <!-- @BeforeMethod openUrl -->
  <testcase classname="testNG.VerifyDateAndCountry" name="@AfterMethod logOutFromApplication" time="-1.67066021856E9">
    <skipped/>
  </testcase> <!-- @AfterMethod logOutFromApplication -->
  <testcase classname="testNG.VerifyDateAndCountry" name="@AfterClass clearObject" time="-1.670660218562E9">
    <skipped/>
  </testcase> <!-- @AfterClass clearObject -->
  <testcase classname="testNG.VerifyDateAndCountry" name="@AfterTest closeBrowser" time="-1.670660218563E9">
    <skipped/>
  </testcase> <!-- @AfterTest closeBrowser -->
  <testcase classname="testNG.VerifyDateAndCountry" name="verifyReleseDate" time="0.0">
    <skipped/>
  </testcase> <!-- verifyReleseDate -->
  <testcase classname="testNG.VerifyDateAndCountry" name="verifyCountry" time="0.0">
    <skipped/>
  </testcase> <!-- verifyCountry -->
</testsuite> <!-- Test -->
