<?xml version="1.0" encoding="UTF-8"?>
<testng-results ignored="0" total="1" passed="1" failed="0" skipped="0">
  <reporter-output>
  </reporter-output>
  <suite started-at="2022-12-11T20:59:32 IST" name="Suite" finished-at="2022-12-11T21:05:34 IST" duration-ms="362580">
    <groups>
    </groups>
    <test started-at="2022-12-11T20:59:32 IST" name="ChromeTest" finished-at="2022-12-11T21:05:34 IST" duration-ms="362580">
      <class name="testNG.VerifyDateAndCountry">
        <test-method is-config="true" signature="launchBrowser(java.lang.String)[pri:0, instance:testNG.VerifyDateAndCountry@5af3afd9]" started-at="2022-12-11T20:59:32 IST" name="launchBrowser" finished-at="2022-12-11T20:59:34 IST" duration-ms="2379" status="PASS">
          <params>
            <param index="0">
              <value>
                <![CDATA[Chrome]]>
              </value>
            </param>
          </params>
          <reporter-output>
          </reporter-output>
        </test-method> <!-- launchBrowser -->
        <test-method signature="verifyReleseDateAndCountryNameOnWiki()[pri:0, instance:testNG.VerifyDateAndCountry@5af3afd9]" started-at="2022-12-11T20:59:34 IST" name="verifyReleseDateAndCountryNameOnWiki" finished-at="2022-12-11T21:05:34 IST" duration-ms="359744" status="PASS">
          <reporter-output>
          </reporter-output>
        </test-method> <!-- verifyReleseDateAndCountryNameOnWiki -->
        <test-method is-config="true" signature="clearObject()[pri:0, instance:testNG.VerifyDateAndCountry@5af3afd9]" started-at="2022-12-11T21:05:34 IST" name="clearObject" finished-at="2022-12-11T21:05:34 IST" duration-ms="1" status="PASS">
          <reporter-output>
          </reporter-output>
        </test-method> <!-- clearObject -->
        <test-method is-config="true" signature="closeBrowser()[pri:0, instance:testNG.VerifyDateAndCountry@5af3afd9]" started-at="2022-12-11T21:05:34 IST" name="closeBrowser" finished-at="2022-12-11T21:05:34 IST" duration-ms="400" status="PASS">
          <reporter-output>
          </reporter-output>
        </test-method> <!-- closeBrowser -->
      </class> <!-- testNG.VerifyDateAndCountry -->
    </test> <!-- ChromeTest -->
  </suite> <!-- Suite -->
</testng-results>
