<?xml version="1.0" encoding="UTF-8"?>
<testng-results ignored="0" total="1" passed="1" failed="0" skipped="0">
  <reporter-output>
  </reporter-output>
  <suite started-at="2022-12-11T12:58:25 IST" name="Suite" finished-at="2022-12-11T12:59:30 IST" duration-ms="64987">
    <groups>
    </groups>
    <test started-at="2022-12-11T12:58:25 IST" name="ChromeTest" finished-at="2022-12-11T12:59:30 IST" duration-ms="64987">
      <class name="testNG.VerifyDateAndCountry">
        <test-method is-config="true" signature="launchBrowser(java.lang.String)[pri:0, instance:testNG.VerifyDateAndCountry@47af7f3d]" started-at="2022-12-11T12:58:25 IST" name="launchBrowser" finished-at="2022-12-11T12:58:27 IST" duration-ms="1892" status="PASS">
          <params>
            <param index="0">
              <value>
                <![CDATA[Chrome]]>
              </value>
            </param>
          </params>
          <reporter-output>
          </reporter-output>
        </test-method> <!-- launchBrowser -->
        <test-method signature="verifyReleseDateAndCountryNameOnWiki()[pri:0, instance:testNG.VerifyDateAndCountry@47af7f3d]" started-at="2022-12-11T12:58:27 IST" name="verifyReleseDateAndCountryNameOnWiki" finished-at="2022-12-11T12:59:30 IST" duration-ms="63049" status="PASS">
          <reporter-output>
          </reporter-output>
        </test-method> <!-- verifyReleseDateAndCountryNameOnWiki -->
      </class> <!-- testNG.VerifyDateAndCountry -->
    </test> <!-- ChromeTest -->
  </suite> <!-- Suite -->
</testng-results>
